2023-07-01 00:06:21 [background-preinit] INFO  o.h.v.i.u.Version                                  - HV000001: Hibernate Validator 6.2.5.Final 
2023-07-01 00:06:21 [restartedMain] INFO  c.v.SpringDataJpaApplication                       - Starting SpringDataJpaApplication using Java 18.0.1 on Phong with PID 12320 (D:\Java\Spring\Spring-data-jpa\target\classes started by nguye in D:\Java\Spring\Spring-data-jpa) 
2023-07-01 00:06:21 [restartedMain] INFO  c.v.SpringDataJpaApplication                       - No active profile set, falling back to 1 default profile: "default" 
2023-07-01 00:06:21 [restartedMain] INFO  o.s.b.d.e.DevToolsPropertyDefaultsPostProcessor    - Devtools property defaults active! Set 'spring.devtools.add-properties' to 'false' to disable 
2023-07-01 00:06:21 [restartedMain] INFO  o.s.b.d.e.DevToolsPropertyDefaultsPostProcessor    - For additional web related logging consider setting the 'logging.level.web' property to 'DEBUG' 
2023-07-01 00:06:22 [restartedMain] INFO  o.s.d.r.c.RepositoryConfigurationDelegate          - Bootstrapping Spring Data JPA repositories in DEFAULT mode. 
2023-07-01 00:06:22 [restartedMain] INFO  o.s.d.r.c.RepositoryConfigurationDelegate          - Finished Spring Data repository scanning in 51 ms. Found 2 JPA repository interfaces. 
2023-07-01 00:06:23 [restartedMain] INFO  o.s.b.w.e.t.TomcatWebServer                        - Tomcat initialized with port(s): 8080 (http) 
2023-07-01 00:06:23 [restartedMain] INFO  o.a.c.h.Http11NioProtocol                          - Initializing ProtocolHandler ["http-nio-8080"] 
2023-07-01 00:06:23 [restartedMain] INFO  o.a.c.c.StandardService                            - Starting service [Tomcat] 
2023-07-01 00:06:23 [restartedMain] INFO  o.a.c.c.StandardEngine                             - Starting Servlet engine: [Apache Tomcat/9.0.76] 
2023-07-01 00:06:23 [restartedMain] INFO  o.a.c.c.C.[.[.[/]                                  - Initializing Spring embedded WebApplicationContext 
2023-07-01 00:06:23 [restartedMain] INFO  o.s.b.w.s.c.ServletWebServerApplicationContext     - Root WebApplicationContext: initialization completed in 1980 ms 
2023-07-01 00:06:23 [restartedMain] INFO  o.h.j.i.u.LogHelper                                - HHH000204: Processing PersistenceUnitInfo [name: default] 
2023-07-01 00:06:23 [restartedMain] INFO  o.h.Version                                        - HHH000412: Hibernate ORM core version 5.6.15.Final 
2023-07-01 00:06:24 [restartedMain] INFO  o.h.a.c.Version                                    - HCANN000001: Hibernate Commons Annotations {5.1.2.Final} 
2023-07-01 00:06:24 [restartedMain] INFO  c.z.h.HikariDataSource                             - HikariPool-1 - Starting... 
2023-07-01 00:06:24 [restartedMain] INFO  c.z.h.HikariDataSource                             - HikariPool-1 - Start completed. 
2023-07-01 00:06:24 [restartedMain] INFO  o.h.d.Dialect                                      - HHH000400: Using dialect: org.hibernate.dialect.MySQL8Dialect 
2023-07-01 00:06:25 [restartedMain] INFO  o.h.e.t.j.p.i.JtaPlatformInitiator                 - HHH000490: Using JtaPlatform implementation: [org.hibernate.engine.transaction.jta.platform.internal.NoJtaPlatform] 
2023-07-01 00:06:25 [restartedMain] INFO  o.s.o.j.LocalContainerEntityManagerFactoryBean     - Initialized JPA EntityManagerFactory for persistence unit 'default' 
2023-07-01 00:06:26 [restartedMain] WARN  o.s.b.a.o.j.JpaBaseConfiguration$JpaWebConfiguration - spring.jpa.open-in-view is enabled by default. Therefore, database queries may be performed during view rendering. Explicitly configure spring.jpa.open-in-view to disable this warning 
2023-07-01 00:06:26 [restartedMain] INFO  o.s.b.d.a.OptionalLiveReloadServer                 - LiveReload server is running on port 35729 
2023-07-01 00:06:26 [restartedMain] WARN  o.s.b.a.s.s.UserDetailsServiceAutoConfiguration    - 

Using generated security password: 4fdb39b1-b42e-4583-a2cf-5d878bb01735

This generated password is for development use only. Your security configuration must be updated before running your application in production.
 
2023-07-01 00:06:26 [restartedMain] INFO  o.s.s.w.DefaultSecurityFilterChain                 - Will secure any request with [org.springframework.security.web.session.DisableEncodeUrlFilter@2db2741b, org.springframework.security.web.context.request.async.WebAsyncManagerIntegrationFilter@1f9133ca, org.springframework.security.web.context.SecurityContextPersistenceFilter@51bc05f9, org.springframework.security.web.header.HeaderWriterFilter@28bd2ac9, org.springframework.security.web.csrf.CsrfFilter@a50362e, org.springframework.security.web.authentication.logout.LogoutFilter@678c3ebf, org.springframework.security.web.authentication.UsernamePasswordAuthenticationFilter@134a8133, org.springframework.security.web.authentication.ui.DefaultLoginPageGeneratingFilter@5ba3407, org.springframework.security.web.authentication.ui.DefaultLogoutPageGeneratingFilter@56272313, org.springframework.security.web.authentication.www.BasicAuthenticationFilter@71086324, org.springframework.security.web.savedrequest.RequestCacheAwareFilter@12d91a1e, org.springframework.security.web.servletapi.SecurityContextHolderAwareRequestFilter@28fb99fa, org.springframework.security.web.authentication.AnonymousAuthenticationFilter@4dcd6180, org.springframework.security.web.session.SessionManagementFilter@17bf669d, org.springframework.security.web.access.ExceptionTranslationFilter@52f665c8, org.springframework.security.web.access.intercept.FilterSecurityInterceptor@cfcc27c] 
2023-07-01 00:06:26 [restartedMain] INFO  o.a.c.h.Http11NioProtocol                          - Starting ProtocolHandler ["http-nio-8080"] 
2023-07-01 00:06:26 [restartedMain] INFO  o.s.b.w.e.t.TomcatWebServer                        - Tomcat started on port(s): 8080 (http) with context path '' 
2023-07-01 00:06:27 [restartedMain] INFO  c.v.SpringDataJpaApplication                       - Started SpringDataJpaApplication in 6.042 seconds (JVM running for 6.961) 
2023-07-01 00:07:22 [File Watcher] INFO  o.s.b.d.a.LocalDevToolsAutoConfiguration$RestartingClassPathChangeChangedEventListener - Restarting due to 1 class path change (0 additions, 0 deletions, 1 modification) 
2023-07-01 00:07:22 [Thread-4] INFO  o.a.c.h.Http11NioProtocol                          - Pausing ProtocolHandler ["http-nio-8080"] 
2023-07-01 00:07:22 [Thread-4] INFO  o.a.c.c.StandardService                            - Stopping service [Tomcat] 
2023-07-01 00:07:22 [Thread-4] INFO  o.a.c.h.Http11NioProtocol                          - Stopping ProtocolHandler ["http-nio-8080"] 
2023-07-01 00:07:22 [Thread-4] INFO  o.a.c.h.Http11NioProtocol                          - Destroying ProtocolHandler ["http-nio-8080"] 
2023-07-01 00:07:22 [Thread-4] INFO  o.s.o.j.LocalContainerEntityManagerFactoryBean     - Closing JPA EntityManagerFactory for persistence unit 'default' 
2023-07-01 00:07:22 [Thread-4] INFO  c.z.h.HikariDataSource                             - HikariPool-1 - Shutdown initiated... 
2023-07-01 00:07:22 [Thread-4] INFO  c.z.h.HikariDataSource                             - HikariPool-1 - Shutdown completed. 
